0 verbose cli /usr/local/bin/node /usr/local/bin/npm
1 info using npm@8.11.0
2 info using node@v17.9.1
3 timing npm:load:whichnode Completed in 0ms
4 timing config:load:defaults Completed in 3ms
5 timing config:load:file:/usr/local/lib/node_modules/npm/npmrc Completed in 56ms
6 timing config:load:builtin Completed in 56ms
7 timing config:load:cli Completed in 2ms
8 timing config:load:env Completed in 0ms
9 timing config:load:project Completed in 8ms
10 timing config:load:file:/home/container/.npmrc Completed in 0ms
11 timing config:load:user Completed in 0ms
12 timing config:load:file:/usr/local/etc/npmrc Completed in 0ms
13 timing config:load:global Completed in 0ms
14 timing config:load:validate Completed in 0ms
15 timing config:load:credentials Completed in 1ms
16 timing config:load:setEnvs Completed in 1ms
17 timing config:load Completed in 73ms
18 timing npm:load:configload Completed in 74ms
19 timing npm:load:mkdirpcache Completed in 1ms
20 timing npm:load:mkdirplogs Completed in 0ms
21 verbose title npm install
22 verbose argv "install"
23 timing npm:load:setTitle Completed in 2ms
24 timing config:load:flatten Completed in 3ms
25 timing npm:load:display Completed in 5ms
26 verbose logfile logs-max:10 dir:/home/container/.npm/_logs
27 verbose logfile /home/container/.npm/_logs/2024-10-23T10_35_00_274Z-debug-0.log
28 timing npm:load:logFile Completed in 6ms
29 timing npm:load:timers Completed in 0ms
30 timing npm:load:configScope Completed in 0ms
31 timing npm:load Completed in 88ms
32 timing arborist:ctor Completed in 50ms
33 silly logfile done cleaning log files
34 timing idealTree:init Completed in 105ms
35 timing idealTree:userRequests Completed in 0ms
36 silly idealTree buildDeps
37 timing idealTree:#root Completed in 1ms
38 timing idealTree:buildDeps Completed in 1ms
39 timing idealTree:fixDepFlags Completed in 0ms
40 warn EBADENGINE Unsupported engine {
40 warn EBADENGINE   package: '@discordjs/builders@1.9.0',
40 warn EBADENGINE   required: { node: '>=18' },
40 warn EBADENGINE   current: { node: 'v17.9.1', npm: '8.11.0' }
40 warn EBADENGINE }
41 warn EBADENGINE Unsupported engine {
41 warn EBADENGINE   package: '@discordjs/formatters@0.5.0',
41 warn EBADENGINE   required: { node: '>=18' },
41 warn EBADENGINE   current: { node: 'v17.9.1', npm: '8.11.0' }
41 warn EBADENGINE }
42 warn EBADENGINE Unsupported engine {
42 warn EBADENGINE   package: '@discordjs/rest@2.4.0',
42 warn EBADENGINE   required: { node: '>=18' },
42 warn EBADENGINE   current: { node: 'v17.9.1', npm: '8.11.0' }
42 warn EBADENGINE }
43 warn EBADENGINE Unsupported engine {
43 warn EBADENGINE   package: '@discordjs/collection@2.1.1',
43 warn EBADENGINE   required: { node: '>=18' },
43 warn EBADENGINE   current: { node: 'v17.9.1', npm: '8.11.0' }
43 warn EBADENGINE }
44 warn EBADENGINE Unsupported engine {
44 warn EBADENGINE   package: '@discordjs/util@1.1.1',
44 warn EBADENGINE   required: { node: '>=18' },
44 warn EBADENGINE   current: { node: 'v17.9.1', npm: '8.11.0' }
44 warn EBADENGINE }
45 warn EBADENGINE Unsupported engine {
45 warn EBADENGINE   package: '@discordjs/collection@2.1.1',
45 warn EBADENGINE   required: { node: '>=18' },
45 warn EBADENGINE   current: { node: 'v17.9.1', npm: '8.11.0' }
45 warn EBADENGINE }
46 warn EBADENGINE Unsupported engine {
46 warn EBADENGINE   package: 'discord.js@14.16.3',
46 warn EBADENGINE   required: { node: '>=18' },
46 warn EBADENGINE   current: { node: 'v17.9.1', npm: '8.11.0' }
46 warn EBADENGINE }
47 warn EBADENGINE Unsupported engine {
47 warn EBADENGINE   package: 'undici@6.19.8',
47 warn EBADENGINE   required: { node: '>=18.17' },
47 warn EBADENGINE   current: { node: 'v17.9.1', npm: '8.11.0' }
47 warn EBADENGINE }
48 timing idealTree Completed in 119ms
49 timing arborist:ctor Completed in 0ms
50 timing reify:loadTrees Completed in 203ms
51 timing reify:diffTrees Completed in 3ms
52 silly reify moves {}
53 timing reify:retireShallow Completed in 0ms
54 timing reify:createSparse Completed in 0ms
55 timing reify:loadBundles Completed in 0ms
56 silly audit bulk request {
56 silly audit   '@discordjs/builders': [ '1.9.0' ],
56 silly audit   'discord-api-types': [ '0.37.97', '0.37.83', '0.37.100' ],
56 silly audit   '@discordjs/collection': [ '1.5.3', '2.1.1' ],
56 silly audit   '@discordjs/formatters': [ '0.5.0' ],
56 silly audit   '@discordjs/rest': [ '2.4.0' ],
56 silly audit   '@discordjs/util': [ '1.1.1' ],
56 silly audit   '@discordjs/ws': [ '1.1.1' ],
56 silly audit   '@sapphire/async-queue': [ '1.5.3' ],
56 silly audit   '@sapphire/shapeshift': [ '4.0.0' ],
56 silly audit   '@sapphire/snowflake': [ '3.5.3' ],
56 silly audit   '@types/node': [ '22.7.9' ],
56 silly audit   '@types/ws': [ '8.5.12' ],
56 silly audit   '@vladfrangu/async_event_emitter': [ '2.4.6' ],
56 silly audit   'discord.js': [ '14.16.3' ],
56 silly audit   'fast-deep-equal': [ '3.1.3' ],
56 silly audit   lodash: [ '4.17.21' ],
56 silly audit   'lodash.snakecase': [ '4.1.1' ],
56 silly audit   'magic-bytes.js': [ '1.10.0' ],
56 silly audit   'ts-mixer': [ '6.0.4' ],
56 silly audit   tslib: [ '2.8.0' ],
56 silly audit   undici: [ '6.19.8' ],
56 silly audit   'undici-types': [ '6.19.8' ],
56 silly audit   ws: [ '8.18.0' ]
56 silly audit }
57 timing reify:unpack Completed in 3ms
58 timing reify:unretire Completed in 0ms
59 timing build:queue Completed in 0ms
60 timing build:deps Completed in 0ms
61 timing build Completed in 0ms
62 timing reify:build Completed in 0ms
63 timing reify:trash Completed in 0ms
64 timing reify:save Completed in 73ms
65 http fetch POST 200 https://registry.npmjs.org/-/npm/v1/security/advisories/bulk 431ms
66 timing auditReport:getReport Completed in 433ms
67 silly audit report {}
68 timing auditReport:init Completed in 0ms
69 timing reify:audit Completed in 434ms
70 timing reify Completed in 650ms
71 timing command:install Completed in 709ms
72 verbose exit 0
73 timing npm Completed in 920ms
74 info ok
