0 verbose cli /usr/local/bin/node /usr/local/bin/npm
1 info using npm@8.11.0
2 info using node@v17.9.1
3 timing npm:load:whichnode Completed in 0ms
4 timing config:load:defaults Completed in 54ms
5 timing config:load:file:/usr/local/lib/node_modules/npm/npmrc Completed in 1ms
6 timing config:load:builtin Completed in 2ms
7 timing config:load:cli Completed in 1ms
8 timing config:load:env Completed in 1ms
9 timing config:load:project Completed in 2ms
10 timing config:load:file:/home/container/.npmrc Completed in 1ms
11 timing config:load:user Completed in 1ms
12 timing config:load:file:/usr/local/etc/npmrc Completed in 0ms
13 timing config:load:global Completed in 1ms
14 timing config:load:validate Completed in 0ms
15 timing config:load:credentials Completed in 1ms
16 timing config:load:setEnvs Completed in 1ms
17 timing config:load Completed in 64ms
18 timing npm:load:configload Completed in 64ms
19 timing npm:load:mkdirpcache Completed in 1ms
20 timing npm:load:mkdirplogs Completed in 3ms
21 verbose title npm install discord.js
22 verbose argv "install" "discord.js"
23 timing npm:load:setTitle Completed in 2ms
24 timing config:load:flatten Completed in 3ms
25 timing npm:load:display Completed in 5ms
26 verbose logfile logs-max:10 dir:/home/container/.npm/_logs
27 verbose logfile /home/container/.npm/_logs/2024-10-23T10_34_47_709Z-debug-0.log
28 timing npm:load:logFile Completed in 77ms
29 timing npm:load:timers Completed in 0ms
30 timing npm:load:configScope Completed in 1ms
31 timing npm:load Completed in 155ms
32 timing arborist:ctor Completed in 0ms
33 silly logfile done cleaning log files
34 timing idealTree:init Completed in 99ms
35 timing idealTree:userRequests Completed in 1ms
36 silly idealTree buildDeps
37 silly fetch manifest discord.js@^14.16.3
38 timing arborist:ctor Completed in 0ms
39 http fetch GET 200 https://registry.npmjs.org/discord.js 110ms (cache hit)
40 silly placeDep ROOT discord.js@14.16.3 REPLACE for: bot@1.0.0 want: ^14.16.3
41 timing idealTree:#root Completed in 192ms
42 timing idealTree:node_modules/discord.js Completed in 0ms
43 timing idealTree:buildDeps Completed in 193ms
44 timing idealTree:fixDepFlags Completed in 0ms
45 warn EBADENGINE Unsupported engine {
45 warn EBADENGINE   package: '@discordjs/builders@1.9.0',
45 warn EBADENGINE   required: { node: '>=18' },
45 warn EBADENGINE   current: { node: 'v17.9.1', npm: '8.11.0' }
45 warn EBADENGINE }
46 warn EBADENGINE Unsupported engine {
46 warn EBADENGINE   package: '@discordjs/formatters@0.5.0',
46 warn EBADENGINE   required: { node: '>=18' },
46 warn EBADENGINE   current: { node: 'v17.9.1', npm: '8.11.0' }
46 warn EBADENGINE }
47 warn EBADENGINE Unsupported engine {
47 warn EBADENGINE   package: '@discordjs/rest@2.4.0',
47 warn EBADENGINE   required: { node: '>=18' },
47 warn EBADENGINE   current: { node: 'v17.9.1', npm: '8.11.0' }
47 warn EBADENGINE }
48 warn EBADENGINE Unsupported engine {
48 warn EBADENGINE   package: '@discordjs/collection@2.1.1',
48 warn EBADENGINE   required: { node: '>=18' },
48 warn EBADENGINE   current: { node: 'v17.9.1', npm: '8.11.0' }
48 warn EBADENGINE }
49 warn EBADENGINE Unsupported engine {
49 warn EBADENGINE   package: '@discordjs/util@1.1.1',
49 warn EBADENGINE   required: { node: '>=18' },
49 warn EBADENGINE   current: { node: 'v17.9.1', npm: '8.11.0' }
49 warn EBADENGINE }
50 warn EBADENGINE Unsupported engine {
50 warn EBADENGINE   package: '@discordjs/collection@2.1.1',
50 warn EBADENGINE   required: { node: '>=18' },
50 warn EBADENGINE   current: { node: 'v17.9.1', npm: '8.11.0' }
50 warn EBADENGINE }
51 warn EBADENGINE Unsupported engine {
51 warn EBADENGINE   package: 'undici@6.19.8',
51 warn EBADENGINE   required: { node: '>=18.17' },
51 warn EBADENGINE   current: { node: 'v17.9.1', npm: '8.11.0' }
51 warn EBADENGINE }
52 warn EBADENGINE Unsupported engine {
52 warn EBADENGINE   package: 'discord.js@14.16.3',
52 warn EBADENGINE   required: { node: '>=18' },
52 warn EBADENGINE   current: { node: 'v17.9.1', npm: '8.11.0' }
52 warn EBADENGINE }
53 timing idealTree Completed in 310ms
54 timing reify:loadTrees Completed in 311ms
55 timing reify:diffTrees Completed in 3ms
56 silly reify moves {}
57 timing reify:retireShallow Completed in 0ms
58 timing reify:createSparse Completed in 0ms
59 timing reify:loadBundles Completed in 0ms
60 silly audit bulk request {
60 silly audit   '@discordjs/builders': [ '1.9.0' ],
60 silly audit   'discord-api-types': [ '0.37.97', '0.37.83', '0.37.100' ],
60 silly audit   '@discordjs/collection': [ '1.5.3', '2.1.1' ],
60 silly audit   '@discordjs/formatters': [ '0.5.0' ],
60 silly audit   '@discordjs/rest': [ '2.4.0' ],
60 silly audit   '@discordjs/util': [ '1.1.1' ],
60 silly audit   '@discordjs/ws': [ '1.1.1' ],
60 silly audit   '@sapphire/async-queue': [ '1.5.3' ],
60 silly audit   '@sapphire/shapeshift': [ '4.0.0' ],
60 silly audit   '@sapphire/snowflake': [ '3.5.3' ],
60 silly audit   '@types/node': [ '22.7.9' ],
60 silly audit   '@types/ws': [ '8.5.12' ],
60 silly audit   '@vladfrangu/async_event_emitter': [ '2.4.6' ],
60 silly audit   'fast-deep-equal': [ '3.1.3' ],
60 silly audit   lodash: [ '4.17.21' ],
60 silly audit   'lodash.snakecase': [ '4.1.1' ],
60 silly audit   'magic-bytes.js': [ '1.10.0' ],
60 silly audit   'ts-mixer': [ '6.0.4' ],
60 silly audit   tslib: [ '2.8.0' ],
60 silly audit   undici: [ '6.19.8' ],
60 silly audit   'undici-types': [ '6.19.8' ],
60 silly audit   ws: [ '8.18.0' ],
60 silly audit   'discord.js': [ '14.16.3' ]
60 silly audit }
61 timing reify:unpack Completed in 1ms
62 timing reify:unretire Completed in 0ms
63 timing build:queue Completed in 1ms
64 timing build:deps Completed in 1ms
65 timing build Completed in 1ms
66 timing reify:build Completed in 1ms
67 timing reify:trash Completed in 0ms
68 timing reify:save Completed in 65ms
69 http fetch POST 200 https://registry.npmjs.org/-/npm/v1/security/advisories/bulk 423ms
70 timing auditReport:getReport Completed in 425ms
71 silly audit report {}
72 timing auditReport:init Completed in 0ms
73 timing reify:audit Completed in 426ms
74 timing reify Completed in 750ms
75 timing command:install Completed in 757ms
76 verbose exit 0
77 timing npm Completed in 1022ms
78 info ok
