0 verbose cli /usr/local/bin/node /usr/local/bin/npm
1 info using npm@9.8.1
2 info using node@v19.9.0
3 timing npm:load:whichnode Completed in 1ms
4 timing config:load:defaults Completed in 5ms
5 timing config:load:file:/usr/local/lib/node_modules/npm/npmrc Completed in 8ms
6 timing config:load:builtin Completed in 74ms
7 timing config:load:cli Completed in 12ms
8 timing config:load:env Completed in 0ms
9 timing config:load:project Completed in 1ms
10 timing config:load:file:/home/container/.npmrc Completed in 0ms
11 timing config:load:user Completed in 0ms
12 timing config:load:file:/usr/local/etc/npmrc Completed in 1ms
13 timing config:load:global Completed in 1ms
14 timing config:load:setEnvs Completed in 1ms
15 timing config:load Completed in 95ms
16 timing npm:load:configload Completed in 96ms
17 timing config:load:flatten Completed in 3ms
18 timing npm:load:mkdirpcache Completed in 1ms
19 timing npm:load:mkdirplogs Completed in 0ms
20 verbose title npm install discord.js
21 verbose argv "install" "discord.js"
22 timing npm:load:setTitle Completed in 1ms
23 timing npm:load:display Completed in 1ms
24 verbose logfile logs-max:10 dir:/home/container/.npm/_logs/2024-10-23T10_35_24_025Z-
25 verbose logfile /home/container/.npm/_logs/2024-10-23T10_35_24_025Z-debug-0.log
26 timing npm:load:logFile Completed in 10ms
27 timing npm:load:timers Completed in 0ms
28 timing npm:load:configScope Completed in 1ms
29 timing npm:load Completed in 202ms
30 timing arborist:ctor Completed in 1ms
31 silly logfile done cleaning log files
32 timing idealTree:init Completed in 105ms
33 timing idealTree:userRequests Completed in 1ms
34 silly idealTree buildDeps
35 silly fetch manifest discord.js@^14.16.3
36 timing arborist:ctor Completed in 1ms
37 http fetch GET 200 https://registry.npmjs.org/discord.js 92ms (cache hit)
38 silly placeDep ROOT discord.js@14.16.3 REPLACE for: bot@1.0.0 want: ^14.16.3
39 timing idealTree:#root Completed in 187ms
40 timing idealTree:node_modules/discord.js Completed in 1ms
41 timing idealTree:buildDeps Completed in 189ms
42 timing idealTree:fixDepFlags Completed in 0ms
43 timing idealTree Completed in 299ms
44 timing reify:loadTrees Completed in 300ms
45 timing reify:diffTrees Completed in 3ms
46 silly reify moves {}
47 timing reify:retireShallow Completed in 1ms
48 timing reify:createSparse Completed in 0ms
49 timing reify:loadBundles Completed in 0ms
50 silly audit bulk request {
50 silly audit   '@discordjs/builders': [ '1.9.0' ],
50 silly audit   'discord-api-types': [ '0.37.97', '0.37.83', '0.37.100' ],
50 silly audit   '@discordjs/collection': [ '1.5.3', '2.1.1' ],
50 silly audit   '@discordjs/formatters': [ '0.5.0' ],
50 silly audit   '@discordjs/rest': [ '2.4.0' ],
50 silly audit   '@discordjs/util': [ '1.1.1' ],
50 silly audit   '@discordjs/ws': [ '1.1.1' ],
50 silly audit   '@sapphire/async-queue': [ '1.5.3' ],
50 silly audit   '@sapphire/shapeshift': [ '4.0.0' ],
50 silly audit   '@sapphire/snowflake': [ '3.5.3' ],
50 silly audit   '@types/node': [ '22.7.9' ],
50 silly audit   '@types/ws': [ '8.5.12' ],
50 silly audit   '@vladfrangu/async_event_emitter': [ '2.4.6' ],
50 silly audit   'fast-deep-equal': [ '3.1.3' ],
50 silly audit   lodash: [ '4.17.21' ],
50 silly audit   'lodash.snakecase': [ '4.1.1' ],
50 silly audit   'magic-bytes.js': [ '1.10.0' ],
50 silly audit   'ts-mixer': [ '6.0.4' ],
50 silly audit   tslib: [ '2.8.0' ],
50 silly audit   undici: [ '6.19.8' ],
50 silly audit   'undici-types': [ '6.19.8' ],
50 silly audit   ws: [ '8.18.0' ],
50 silly audit   'discord.js': [ '14.16.3' ]
50 silly audit }
51 timing reify:unpack Completed in 1ms
52 timing reify:unretire Completed in 0ms
53 timing build:queue Completed in 0ms
54 timing build:deps Completed in 0ms
55 timing build Completed in 1ms
56 timing reify:build Completed in 1ms
57 timing reify:trash Completed in 0ms
58 timing reify:save Completed in 78ms
59 http fetch POST 200 https://registry.npmjs.org/-/npm/v1/security/advisories/bulk 412ms
60 timing auditReport:getReport Completed in 416ms
61 silly audit report {}
62 timing auditReport:init Completed in 0ms
63 timing reify:audit Completed in 417ms
64 timing reify Completed in 728ms
65 timing command:install Completed in 736ms
66 verbose exit 0
67 timing npm Completed in 1431ms
68 info ok
