0 verbose cli /usr/local/bin/node /usr/local/bin/npm
1 info using npm@9.8.1
2 info using node@v19.9.0
3 timing npm:load:whichnode Completed in 1ms
4 timing config:load:defaults Completed in 3ms
5 timing config:load:file:/usr/local/lib/node_modules/npm/npmrc Completed in 2ms
6 timing config:load:builtin Completed in 2ms
7 timing config:load:cli Completed in 71ms
8 timing config:load:env Completed in 1ms
9 timing config:load:project Completed in 1ms
10 timing config:load:file:/home/container/.npmrc Completed in 0ms
11 timing config:load:user Completed in 0ms
12 timing config:load:file:/usr/local/etc/npmrc Completed in 1ms
13 timing config:load:global Completed in 1ms
14 timing config:load:setEnvs Completed in 1ms
15 timing config:load Completed in 80ms
16 timing npm:load:configload Completed in 80ms
17 timing config:load:flatten Completed in 3ms
18 timing npm:load:mkdirpcache Completed in 0ms
19 timing npm:load:mkdirplogs Completed in 1ms
20 verbose title npm install
21 verbose argv "install"
22 timing npm:load:setTitle Completed in 1ms
23 timing npm:load:display Completed in 1ms
24 verbose logfile logs-max:10 dir:/home/container/.npm/_logs/2024-10-23T10_35_26_037Z-
25 verbose logfile /home/container/.npm/_logs/2024-10-23T10_35_26_037Z-debug-0.log
26 timing npm:load:logFile Completed in 9ms
27 timing npm:load:timers Completed in 0ms
28 timing npm:load:configScope Completed in 0ms
29 timing npm:load Completed in 112ms
30 timing arborist:ctor Completed in 0ms
31 silly logfile done cleaning log files
32 timing idealTree:init Completed in 118ms
33 timing idealTree:userRequests Completed in 0ms
34 silly idealTree buildDeps
35 timing idealTree:#root Completed in 0ms
36 timing idealTree:buildDeps Completed in 1ms
37 timing idealTree:fixDepFlags Completed in 0ms
38 timing idealTree Completed in 176ms
39 timing arborist:ctor Completed in 0ms
40 timing reify:loadTrees Completed in 195ms
41 timing reify:diffTrees Completed in 4ms
42 silly reify moves {}
43 timing reify:retireShallow Completed in 1ms
44 timing reify:createSparse Completed in 0ms
45 timing reify:loadBundles Completed in 0ms
46 silly audit bulk request {
46 silly audit   '@discordjs/builders': [ '1.9.0' ],
46 silly audit   'discord-api-types': [ '0.37.97', '0.37.83', '0.37.100' ],
46 silly audit   '@discordjs/collection': [ '1.5.3', '2.1.1' ],
46 silly audit   '@discordjs/formatters': [ '0.5.0' ],
46 silly audit   '@discordjs/rest': [ '2.4.0' ],
46 silly audit   '@discordjs/util': [ '1.1.1' ],
46 silly audit   '@discordjs/ws': [ '1.1.1' ],
46 silly audit   '@sapphire/async-queue': [ '1.5.3' ],
46 silly audit   '@sapphire/shapeshift': [ '4.0.0' ],
46 silly audit   '@sapphire/snowflake': [ '3.5.3' ],
46 silly audit   '@types/node': [ '22.7.9' ],
46 silly audit   '@types/ws': [ '8.5.12' ],
46 silly audit   '@vladfrangu/async_event_emitter': [ '2.4.6' ],
46 silly audit   'discord.js': [ '14.16.3' ],
46 silly audit   'fast-deep-equal': [ '3.1.3' ],
46 silly audit   lodash: [ '4.17.21' ],
46 silly audit   'lodash.snakecase': [ '4.1.1' ],
46 silly audit   'magic-bytes.js': [ '1.10.0' ],
46 silly audit   'ts-mixer': [ '6.0.4' ],
46 silly audit   tslib: [ '2.8.0' ],
46 silly audit   undici: [ '6.19.8' ],
46 silly audit   'undici-types': [ '6.19.8' ],
46 silly audit   ws: [ '8.18.0' ]
46 silly audit }
47 timing reify:unpack Completed in 65ms
48 timing reify:unretire Completed in 0ms
49 timing build:queue Completed in 0ms
50 timing build:deps Completed in 0ms
51 timing build Completed in 0ms
52 timing reify:build Completed in 0ms
53 timing reify:trash Completed in 0ms
54 timing reify:save Completed in 68ms
55 http fetch POST 200 https://registry.npmjs.org/-/npm/v1/security/advisories/bulk 396ms
56 timing auditReport:getReport Completed in 403ms
57 silly audit report {}
58 timing auditReport:init Completed in 0ms
59 timing reify:audit Completed in 403ms
60 timing reify Completed in 612ms
61 timing command:install Completed in 625ms
62 verbose exit 0
63 timing npm Completed in 1218ms
64 info ok
